<?xml version="1.0" encoding="UTF-8"?>
<!-- Generated by org.testng.reporters.JUnitXMLReporter -->
<testsuite ignored="0" hostname="US-FG87XM3" failures="0" tests="2" name="Default test" time="225.267" errors="0" timestamp="2024-08-10T19:14:08 IST">
  <testcase classname="AtumationTestingPractice.SeleniumFrameworkDesign.FrameworkCode" name="addProductToCart" time="109.56"/>
  <testcase classname="AtumationTestingPractice.SeleniumFrameworkDesign.FrameworkCode" name="addProductToCart" time="109.096"/>
</testsuite> <!-- Default test -->
