<?xml version="1.0" encoding="UTF-8"?>
<!-- Generated by org.testng.reporters.JUnitXMLReporter -->
<testsuite ignored="0" hostname="US-FG87XM3" failures="0" tests="2" name="Practice Test" time="210.714" errors="0" timestamp="2024-08-13T13:44:50 IST">
  <testcase classname="AtumationTestingPractice.SeleniumFrameworkDesign.FrameworkCodeTest" name="addProductToCart" time="98.217"/>
  <testcase classname="AtumationTestingPractice.SeleniumFrameworkDesign.FrameworkCodeTest" name="addProductToCart" time="99.146"/>
</testsuite> <!-- Practice Test -->
