<?xml version="1.0" encoding="UTF-8"?>
<!-- Generated by org.testng.reporters.JUnitXMLReporter -->
<testsuite ignored="0" hostname="US-FG87XM3" failures="0" tests="4" name="Test" time="257.709" errors="0" timestamp="2024-08-12T12:23:17 IST">
  <testcase classname="AtumationTestingPractice.SeleniumFrameworkDesign.ErrorCodeValidation" name="errorCodeVerfication" time="0.626"/>
  <testcase classname="AtumationTestingPractice.SeleniumFrameworkDesign.RSALogin" name="loginToApp" time="2.438"/>
  <testcase classname="AtumationTestingPractice.SeleniumFrameworkDesign.FrameworkCode" name="addProductToCart" time="122.11"/>
  <testcase classname="AtumationTestingPractice.SeleniumFrameworkDesign.FrameworkCode" name="addProductToCart" time="120.106"/>
</testsuite> <!-- Test -->
