<?xml version="1.0" encoding="UTF-8"?>
<testng-results ignored="0" total="2" passed="2" failed="0" skipped="0">
  <reporter-output>
  </reporter-output>
  <suite started-at="2024-08-13T13:41:19 IST" name="Suite" finished-at="2024-08-13T13:44:49 IST" duration-ms="210714">
    <groups>
      <group name="Purchase">
        <method signature="FrameworkCodeTest.addProductToCart(java.util.HashMap)[pri:0, instance:AtumationTestingPractice.SeleniumFrameworkDesign.FrameworkCodeTest@525575]" name="addProductToCart" class="AtumationTestingPractice.SeleniumFrameworkDesign.FrameworkCodeTest"/>
      </group> <!-- Purchase -->
    </groups>
    <test started-at="2024-08-13T13:41:19 IST" name="Practice Test" finished-at="2024-08-13T13:44:49 IST" duration-ms="210714">
      <class name="AtumationTestingPractice.SeleniumFrameworkDesign.FrameworkCodeTest">
        <test-method is-config="true" signature="lunchApplication()[pri:0, instance:AtumationTestingPractice.SeleniumFrameworkDesign.FrameworkCodeTest@525575]" started-at="2024-08-13T13:41:19 IST" name="lunchApplication" finished-at="2024-08-13T13:41:28 IST" duration-ms="9207" status="PASS">
          <reporter-output>
          </reporter-output>
        </test-method> <!-- lunchApplication -->
        <test-method signature="addProductToCart(java.util.HashMap)[pri:0, instance:AtumationTestingPractice.SeleniumFrameworkDesign.FrameworkCodeTest@525575]" started-at="2024-08-13T13:41:28 IST" name="addProductToCart" data-provider="getData" finished-at="2024-08-13T13:43:06 IST" duration-ms="98217" status="PASS">
          <params>
            <param index="0">
              <value>
                <![CDATA[{password=Test@123, email=testautomation123@gmail.com}]]>
              </value>
            </param>
          </params>
          <reporter-output>
          </reporter-output>
        </test-method> <!-- addProductToCart -->
        <test-method is-config="true" signature="tearDown()[pri:0, instance:AtumationTestingPractice.SeleniumFrameworkDesign.FrameworkCodeTest@525575]" started-at="2024-08-13T13:43:06 IST" name="tearDown" finished-at="2024-08-13T13:43:07 IST" duration-ms="429" status="PASS">
          <reporter-output>
          </reporter-output>
        </test-method> <!-- tearDown -->
        <test-method is-config="true" signature="lunchApplication()[pri:0, instance:AtumationTestingPractice.SeleniumFrameworkDesign.FrameworkCodeTest@525575]" started-at="2024-08-13T13:43:07 IST" name="lunchApplication" finished-at="2024-08-13T13:43:10 IST" duration-ms="3004" status="PASS">
          <reporter-output>
          </reporter-output>
        </test-method> <!-- lunchApplication -->
        <test-method signature="addProductToCart(java.util.HashMap)[pri:0, instance:AtumationTestingPractice.SeleniumFrameworkDesign.FrameworkCodeTest@525575]" started-at="2024-08-13T13:43:10 IST" name="addProductToCart" data-provider="getData" finished-at="2024-08-13T13:44:49 IST" duration-ms="99146" status="PASS">
          <params>
            <param index="0">
              <value>
                <![CDATA[{password=Test@123, email=shetty@test.com}]]>
              </value>
            </param>
          </params>
          <reporter-output>
          </reporter-output>
        </test-method> <!-- addProductToCart -->
        <test-method is-config="true" signature="tearDown()[pri:0, instance:AtumationTestingPractice.SeleniumFrameworkDesign.FrameworkCodeTest@525575]" started-at="2024-08-13T13:44:49 IST" name="tearDown" finished-at="2024-08-13T13:44:49 IST" duration-ms="425" status="PASS">
          <reporter-output>
          </reporter-output>
        </test-method> <!-- tearDown -->
      </class> <!-- AtumationTestingPractice.SeleniumFrameworkDesign.FrameworkCodeTest -->
    </test> <!-- Practice Test -->
  </suite> <!-- Suite -->
</testng-results>
